<?xml version="1.0" encoding="utf-8"?><testsuites name="pytest tests"><testsuite name="pytest" errors="0" failures="0" skipped="0" tests="400" time="20.213" timestamp="2025-11-05T17:40:29.497834+00:00" hostname="analytics-devenv"><testcase classname="tests.processing.test_binner" name="test_binner[True-True-f-PrivTreeBinner-None-auto]" time="0.043" /><testcase classname="tests.processing.test_binner" name="test_binner[True-True-f-PrivTreeBinner-None-10]" time="0.016" /><testcase classname="tests.processing.test_binner" name="test_binner[True-True-f-PrivTreeBinner-None-20]" time="0.017" /><testcase classname="tests.processing.test_binner" name="test_binner[True-True-f-PrivTreeBinner-None-100]" time="0.028" /><testcase classname="tests.processing.test_binner" name="test_binner[True-True-f-PrivTreeBinner-10000-auto]" time="0.100" /><testcase classname="tests.processing.test_binner" name="test_binner[True-True-f-PrivTreeBinner-10000-10]" time="0.015" /><testcase classname="tests.processing.test_binner" name="test_binner[True-True-f-PrivTreeBinner-10000-20]" time="0.020" /><testcase classname="tests.processing.test_binner" name="test_binner[True-True-f-PrivTreeBinner-10000-100]" time="0.044" /><testcase classname="tests.processing.test_binner" name="test_binner[True-True-f-UniformBinner-None-auto]" time="0.009" /><testcase classname="tests.processing.test_binner" name="test_binner[True-True-f-UniformBinner-None-10]" time="0.005" /><testcase classname="tests.processing.test_binner" name="test_binner[True-True-f-UniformBinner-None-20]" time="0.007" /><testcase classname="tests.processing.test_binner" name="test_binner[True-True-f-UniformBinner-None-100]" time="0.019" /><testcase classname="tests.processing.test_binner" name="test_binner[True-True-f-UniformBinner-10000-auto]" time="0.013" /><testcase classname="tests.processing.test_binner" name="test_binner[True-True-f-UniformBinner-10000-10]" time="0.006" /><testcase classname="tests.processing.test_binner" name="test_binner[True-True-f-UniformBinner-10000-20]" time="0.006" /><testcase classname="tests.processing.test_binner" name="test_binner[True-True-f-UniformBinner-10000-100]" time="0.017" /><testcase classname="tests.processing.test_binner" name="test_binner[True-True-u-PrivTreeBinner-None-auto]" time="0.011" /><testcase classname="tests.processing.test_binner" name="test_binner[True-True-u-PrivTreeBinner-None-10]" time="0.006" /><testcase classname="tests.processing.test_binner" name="test_binner[True-True-u-PrivTreeBinner-None-20]" time="0.006" /><testcase classname="tests.processing.test_binner" name="test_binner[True-True-u-PrivTreeBinner-None-100]" time="0.021" /><testcase classname="tests.processing.test_binner" name="test_binner[True-True-u-PrivTreeBinner-10000-auto]" time="0.019" /><testcase classname="tests.processing.test_binner" name="test_binner[True-True-u-PrivTreeBinner-10000-10]" time="0.006" /><testcase classname="tests.processing.test_binner" name="test_binner[True-True-u-PrivTreeBinner-10000-20]" time="0.010" /><testcase classname="tests.processing.test_binner" name="test_binner[True-True-u-PrivTreeBinner-10000-100]" time="0.038" /><testcase classname="tests.processing.test_binner" name="test_binner[True-True-u-UniformBinner-None-auto]" time="0.010" /><testcase classname="tests.processing.test_binner" name="test_binner[True-True-u-UniformBinner-None-10]" time="0.005" /><testcase classname="tests.processing.test_binner" name="test_binner[True-True-u-UniformBinner-None-20]" time="0.006" /><testcase classname="tests.processing.test_binner" name="test_binner[True-True-u-UniformBinner-None-100]" time="0.018" /><testcase classname="tests.processing.test_binner" name="test_binner[True-True-u-UniformBinner-10000-auto]" time="0.009" /><testcase classname="tests.processing.test_binner" name="test_binner[True-True-u-UniformBinner-10000-10]" time="0.004" /><testcase classname="tests.processing.test_binner" name="test_binner[True-True-u-UniformBinner-10000-20]" time="0.006" /><testcase classname="tests.processing.test_binner" name="test_binner[True-True-u-UniformBinner-10000-100]" time="0.019" /><testcase classname="tests.processing.test_binner" name="test_binner[True-True-i-PrivTreeBinner-None-auto]" time="0.011" /><testcase classname="tests.processing.test_binner" name="test_binner[True-True-i-PrivTreeBinner-None-10]" time="0.006" /><testcase classname="tests.processing.test_binner" name="test_binner[True-True-i-PrivTreeBinner-None-20]" time="0.006" /><testcase classname="tests.processing.test_binner" name="test_binner[True-True-i-PrivTreeBinner-None-100]" time="0.021" /><testcase classname="tests.processing.test_binner" name="test_binner[True-True-i-PrivTreeBinner-10000-auto]" time="0.020" /><testcase classname="tests.processing.test_binner" name="test_binner[True-True-i-PrivTreeBinner-10000-10]" time="0.006" /><testcase classname="tests.processing.test_binner" name="test_binner[True-True-i-PrivTreeBinner-10000-20]" time="0.012" /><testcase classname="tests.processing.test_binner" name="test_binner[True-True-i-PrivTreeBinner-10000-100]" time="0.037" /><testcase classname="tests.processing.test_binner" name="test_binner[True-True-i-UniformBinner-None-auto]" time="0.009" /><testcase classname="tests.processing.test_binner" name="test_binner[True-True-i-UniformBinner-None-10]" time="0.004" /><testcase classname="tests.processing.test_binner" name="test_binner[True-True-i-UniformBinner-None-20]" time="0.007" /><testcase classname="tests.processing.test_binner" name="test_binner[True-True-i-UniformBinner-None-100]" time="0.019" /><testcase classname="tests.processing.test_binner" name="test_binner[True-True-i-UniformBinner-10000-auto]" time="0.009" /><testcase classname="tests.processing.test_binner" name="test_binner[True-True-i-UniformBinner-10000-10]" time="0.004" /><testcase classname="tests.processing.test_binner" name="test_binner[True-True-i-UniformBinner-10000-20]" time="0.006" /><testcase classname="tests.processing.test_binner" name="test_binner[True-True-i-UniformBinner-10000-100]" time="0.020" /><testcase classname="tests.processing.test_binner" name="test_binner[True-True-M-PrivTreeBinner-None-auto]" time="0.016" /><testcase classname="tests.processing.test_binner" name="test_binner[True-True-M-PrivTreeBinner-None-10]" time="0.009" /><testcase classname="tests.processing.test_binner" name="test_binner[True-True-M-PrivTreeBinner-None-20]" time="0.011" /><testcase classname="tests.processing.test_binner" name="test_binner[True-True-M-PrivTreeBinner-None-100]" time="0.026" /><testcase classname="tests.processing.test_binner" name="test_binner[True-True-M-PrivTreeBinner-10000-auto]" time="0.023" /><testcase classname="tests.processing.test_binner" name="test_binner[True-True-M-PrivTreeBinner-10000-10]" time="0.011" /><testcase classname="tests.processing.test_binner" name="test_binner[True-True-M-PrivTreeBinner-10000-20]" time="0.016" /><testcase classname="tests.processing.test_binner" name="test_binner[True-True-M-PrivTreeBinner-10000-100]" time="0.042" /><testcase classname="tests.processing.test_binner" name="test_binner[True-True-M-UniformBinner-None-auto]" time="0.014" /><testcase classname="tests.processing.test_binner" name="test_binner[True-True-M-UniformBinner-None-10]" time="0.009" /><testcase classname="tests.processing.test_binner" name="test_binner[True-True-M-UniformBinner-None-20]" time="0.010" /><testcase classname="tests.processing.test_binner" name="test_binner[True-True-M-UniformBinner-None-100]" time="0.025" /><testcase classname="tests.processing.test_binner" name="test_binner[True-True-M-UniformBinner-10000-auto]" time="0.015" /><testcase classname="tests.processing.test_binner" name="test_binner[True-True-M-UniformBinner-10000-10]" time="0.010" /><testcase classname="tests.processing.test_binner" name="test_binner[True-True-M-UniformBinner-10000-20]" time="0.011" /><testcase classname="tests.processing.test_binner" name="test_binner[True-True-M-UniformBinner-10000-100]" time="0.024" /><testcase classname="tests.processing.test_binner" name="test_binner[True-True-m-PrivTreeBinner-None-auto]" time="0.016" /><testcase classname="tests.processing.test_binner" name="test_binner[True-True-m-PrivTreeBinner-None-10]" time="0.010" /><testcase classname="tests.processing.test_binner" name="test_binner[True-True-m-PrivTreeBinner-None-20]" time="0.013" /><testcase classname="tests.processing.test_binner" name="test_binner[True-True-m-PrivTreeBinner-None-100]" time="0.026" /><testcase classname="tests.processing.test_binner" name="test_binner[True-True-m-PrivTreeBinner-10000-auto]" time="0.031" /><testcase classname="tests.processing.test_binner" name="test_binner[True-True-m-PrivTreeBinner-10000-10]" time="0.015" /><testcase classname="tests.processing.test_binner" name="test_binner[True-True-m-PrivTreeBinner-10000-20]" time="0.017" /><testcase classname="tests.processing.test_binner" name="test_binner[True-True-m-PrivTreeBinner-10000-100]" time="0.043" /><testcase classname="tests.processing.test_binner" name="test_binner[True-True-m-UniformBinner-None-auto]" time="0.015" /><testcase classname="tests.processing.test_binner" name="test_binner[True-True-m-UniformBinner-None-10]" time="0.011" /><testcase classname="tests.processing.test_binner" name="test_binner[True-True-m-UniformBinner-None-20]" time="0.012" /><testcase classname="tests.processing.test_binner" name="test_binner[True-True-m-UniformBinner-None-100]" time="0.024" /><testcase classname="tests.processing.test_binner" name="test_binner[True-True-m-UniformBinner-10000-auto]" time="0.015" /><testcase classname="tests.processing.test_binner" name="test_binner[True-True-m-UniformBinner-10000-10]" time="0.011" /><testcase classname="tests.processing.test_binner" name="test_binner[True-True-m-UniformBinner-10000-20]" time="0.012" /><testcase classname="tests.processing.test_binner" name="test_binner[True-True-m-UniformBinner-10000-100]" time="0.025" /><testcase classname="tests.processing.test_binner" name="test_binner[True-False-f-PrivTreeBinner-None-auto]" time="0.020" /><testcase classname="tests.processing.test_binner" name="test_binner[True-False-f-PrivTreeBinner-None-10]" time="0.014" /><testcase classname="tests.processing.test_binner" name="test_binner[True-False-f-PrivTreeBinner-None-20]" time="0.016" /><testcase classname="tests.processing.test_binner" name="test_binner[True-False-f-PrivTreeBinner-None-100]" time="0.027" /><testcase classname="tests.processing.test_binner" name="test_binner[True-False-f-PrivTreeBinner-10000-auto]" time="0.030" /><testcase classname="tests.processing.test_binner" name="test_binner[True-False-f-PrivTreeBinner-10000-10]" time="0.019" /><testcase classname="tests.processing.test_binner" name="test_binner[True-False-f-PrivTreeBinner-10000-20]" time="0.022" /><testcase classname="tests.processing.test_binner" name="test_binner[True-False-f-PrivTreeBinner-10000-100]" time="0.047" /><testcase classname="tests.processing.test_binner" name="test_binner[True-False-f-UniformBinner-None-auto]" time="0.009" /><testcase classname="tests.processing.test_binner" name="test_binner[True-False-f-UniformBinner-None-10]" time="0.004" /><testcase classname="tests.processing.test_binner" name="test_binner[True-False-f-UniformBinner-None-20]" time="0.006" /><testcase classname="tests.processing.test_binner" name="test_binner[True-False-f-UniformBinner-None-100]" time="0.017" /><testcase classname="tests.processing.test_binner" name="test_binner[True-False-f-UniformBinner-10000-auto]" time="0.013" /><testcase classname="tests.processing.test_binner" name="test_binner[True-False-f-UniformBinner-10000-10]" time="0.009" /><testcase classname="tests.processing.test_binner" name="test_binner[True-False-f-UniformBinner-10000-20]" time="0.011" /><testcase classname="tests.processing.test_binner" name="test_binner[True-False-f-UniformBinner-10000-100]" time="0.021" /><testcase classname="tests.processing.test_binner" name="test_binner[True-False-u-PrivTreeBinner-None-auto]" time="0.010" /><testcase classname="tests.processing.test_binner" name="test_binner[True-False-u-PrivTreeBinner-None-10]" time="0.004" /><testcase classname="tests.processing.test_binner" name="test_binner[True-False-u-PrivTreeBinner-None-20]" time="0.007" /><testcase classname="tests.processing.test_binner" name="test_binner[True-False-u-PrivTreeBinner-None-100]" time="0.020" /><testcase classname="tests.processing.test_binner" name="test_binner[True-False-u-PrivTreeBinner-10000-auto]" time="0.024" /><testcase classname="tests.processing.test_binner" name="test_binner[True-False-u-PrivTreeBinner-10000-10]" time="0.010" /><testcase classname="tests.processing.test_binner" name="test_binner[True-False-u-PrivTreeBinner-10000-20]" time="0.014" /><testcase classname="tests.processing.test_binner" name="test_binner[True-False-u-PrivTreeBinner-10000-100]" time="0.041" /><testcase classname="tests.processing.test_binner" name="test_binner[True-False-u-UniformBinner-None-auto]" time="0.009" /><testcase classname="tests.processing.test_binner" name="test_binner[True-False-u-UniformBinner-None-10]" time="0.004" /><testcase classname="tests.processing.test_binner" name="test_binner[True-False-u-UniformBinner-None-20]" time="0.006" /><testcase classname="tests.processing.test_binner" name="test_binner[True-False-u-UniformBinner-None-100]" time="0.019" /><testcase classname="tests.processing.test_binner" name="test_binner[True-False-u-UniformBinner-10000-auto]" time="0.013" /><testcase classname="tests.processing.test_binner" name="test_binner[True-False-u-UniformBinner-10000-10]" time="0.009" /><testcase classname="tests.processing.test_binner" name="test_binner[True-False-u-UniformBinner-10000-20]" time="0.011" /><testcase classname="tests.processing.test_binner" name="test_binner[True-False-u-UniformBinner-10000-100]" time="0.021" /><testcase classname="tests.processing.test_binner" name="test_binner[True-False-i-PrivTreeBinner-None-auto]" time="0.011" /><testcase classname="tests.processing.test_binner" name="test_binner[True-False-i-PrivTreeBinner-None-10]" time="0.005" /><testcase classname="tests.processing.test_binner" name="test_binner[True-False-i-PrivTreeBinner-None-20]" time="0.007" /><testcase classname="tests.processing.test_binner" name="test_binner[True-False-i-PrivTreeBinner-None-100]" time="0.021" /><testcase classname="tests.processing.test_binner" name="test_binner[True-False-i-PrivTreeBinner-10000-auto]" time="0.023" /><testcase classname="tests.processing.test_binner" name="test_binner[True-False-i-PrivTreeBinner-10000-10]" time="0.010" /><testcase classname="tests.processing.test_binner" name="test_binner[True-False-i-PrivTreeBinner-10000-20]" time="0.013" /><testcase classname="tests.processing.test_binner" name="test_binner[True-False-i-PrivTreeBinner-10000-100]" time="0.040" /><testcase classname="tests.processing.test_binner" name="test_binner[True-False-i-UniformBinner-None-auto]" time="0.010" /><testcase classname="tests.processing.test_binner" name="test_binner[True-False-i-UniformBinner-None-10]" time="0.004" /><testcase classname="tests.processing.test_binner" name="test_binner[True-False-i-UniformBinner-None-20]" time="0.007" /><testcase classname="tests.processing.test_binner" name="test_binner[True-False-i-UniformBinner-None-100]" time="0.019" /><testcase classname="tests.processing.test_binner" name="test_binner[True-False-i-UniformBinner-10000-auto]" time="0.013" /><testcase classname="tests.processing.test_binner" name="test_binner[True-False-i-UniformBinner-10000-10]" time="0.008" /><testcase classname="tests.processing.test_binner" name="test_binner[True-False-i-UniformBinner-10000-20]" time="0.010" /><testcase classname="tests.processing.test_binner" name="test_binner[True-False-i-UniformBinner-10000-100]" time="0.022" /><testcase classname="tests.processing.test_binner" name="test_binner[True-False-M-PrivTreeBinner-None-auto]" time="0.016" /><testcase classname="tests.processing.test_binner" name="test_binner[True-False-M-PrivTreeBinner-None-10]" time="0.009" /><testcase classname="tests.processing.test_binner" name="test_binner[True-False-M-PrivTreeBinner-None-20]" time="0.012" /><testcase classname="tests.processing.test_binner" name="test_binner[True-False-M-PrivTreeBinner-None-100]" time="0.027" /><testcase classname="tests.processing.test_binner" name="test_binner[True-False-M-PrivTreeBinner-10000-auto]" time="0.027" /><testcase classname="tests.processing.test_binner" name="test_binner[True-False-M-PrivTreeBinner-10000-10]" time="0.014" /><testcase classname="tests.processing.test_binner" name="test_binner[True-False-M-PrivTreeBinner-10000-20]" time="0.020" /><testcase classname="tests.processing.test_binner" name="test_binner[True-False-M-PrivTreeBinner-10000-100]" time="0.045" /><testcase classname="tests.processing.test_binner" name="test_binner[True-False-M-UniformBinner-None-auto]" time="0.014" /><testcase classname="tests.processing.test_binner" name="test_binner[True-False-M-UniformBinner-None-10]" time="0.009" /><testcase classname="tests.processing.test_binner" name="test_binner[True-False-M-UniformBinner-None-20]" time="0.011" /><testcase classname="tests.processing.test_binner" name="test_binner[True-False-M-UniformBinner-None-100]" time="0.025" /><testcase classname="tests.processing.test_binner" name="test_binner[True-False-M-UniformBinner-10000-auto]" time="0.017" /><testcase classname="tests.processing.test_binner" name="test_binner[True-False-M-UniformBinner-10000-10]" time="0.012" /><testcase classname="tests.processing.test_binner" name="test_binner[True-False-M-UniformBinner-10000-20]" time="0.014" /><testcase classname="tests.processing.test_binner" name="test_binner[True-False-M-UniformBinner-10000-100]" time="0.024" /><testcase classname="tests.processing.test_binner" name="test_binner[True-False-m-PrivTreeBinner-None-auto]" time="0.016" /><testcase classname="tests.processing.test_binner" name="test_binner[True-False-m-PrivTreeBinner-None-10]" time="0.010" /><testcase classname="tests.processing.test_binner" name="test_binner[True-False-m-PrivTreeBinner-None-20]" time="0.012" /><testcase classname="tests.processing.test_binner" name="test_binner[True-False-m-PrivTreeBinner-None-100]" time="0.026" /><testcase classname="tests.processing.test_binner" name="test_binner[True-False-m-PrivTreeBinner-10000-auto]" time="0.023" /><testcase classname="tests.processing.test_binner" name="test_binner[True-False-m-PrivTreeBinner-10000-10]" time="0.013" /><testcase classname="tests.processing.test_binner" name="test_binner[True-False-m-PrivTreeBinner-10000-20]" time="0.016" /><testcase classname="tests.processing.test_binner" name="test_binner[True-False-m-PrivTreeBinner-10000-100]" time="0.038" /><testcase classname="tests.processing.test_binner" name="test_binner[True-False-m-UniformBinner-None-auto]" time="0.015" /><testcase classname="tests.processing.test_binner" name="test_binner[True-False-m-UniformBinner-None-10]" time="0.010" /><testcase classname="tests.processing.test_binner" name="test_binner[True-False-m-UniformBinner-None-20]" time="0.012" /><testcase classname="tests.processing.test_binner" name="test_binner[True-False-m-UniformBinner-None-100]" time="0.024" /><testcase classname="tests.processing.test_binner" name="test_binner[True-False-m-UniformBinner-10000-auto]" time="0.015" /><testcase classname="tests.processing.test_binner" name="test_binner[True-False-m-UniformBinner-10000-10]" time="0.012" /><testcase classname="tests.processing.test_binner" name="test_binner[True-False-m-UniformBinner-10000-20]" time="0.013" /><testcase classname="tests.processing.test_binner" name="test_binner[True-False-m-UniformBinner-10000-100]" time="0.020" /><testcase classname="tests.processing.test_binner" name="test_binner[False-True-f-PrivTreeBinner-None-auto]" time="0.018" /><testcase classname="tests.processing.test_binner" name="test_binner[False-True-f-PrivTreeBinner-None-10]" time="0.013" /><testcase classname="tests.processing.test_binner" name="test_binner[False-True-f-PrivTreeBinner-None-20]" time="0.016" /><testcase classname="tests.processing.test_binner" name="test_binner[False-True-f-PrivTreeBinner-None-100]" time="0.025" /><testcase classname="tests.processing.test_binner" name="test_binner[False-True-f-PrivTreeBinner-10000-auto]" time="0.025" /><testcase classname="tests.processing.test_binner" name="test_binner[False-True-f-PrivTreeBinner-10000-10]" time="0.014" /><testcase classname="tests.processing.test_binner" name="test_binner[False-True-f-PrivTreeBinner-10000-20]" time="0.018" /><testcase classname="tests.processing.test_binner" name="test_binner[False-True-f-PrivTreeBinner-10000-100]" time="0.042" /><testcase classname="tests.processing.test_binner" name="test_binner[False-True-f-UniformBinner-None-auto]" time="0.008" /><testcase classname="tests.processing.test_binner" name="test_binner[False-True-f-UniformBinner-None-10]" time="0.004" /><testcase classname="tests.processing.test_binner" name="test_binner[False-True-f-UniformBinner-None-20]" time="0.006" /><testcase classname="tests.processing.test_binner" name="test_binner[False-True-f-UniformBinner-None-100]" time="0.017" /><testcase classname="tests.processing.test_binner" name="test_binner[False-True-f-UniformBinner-10000-auto]" time="0.009" /><testcase classname="tests.processing.test_binner" name="test_binner[False-True-f-UniformBinner-10000-10]" time="0.004" /><testcase classname="tests.processing.test_binner" name="test_binner[False-True-f-UniformBinner-10000-20]" time="0.006" /><testcase classname="tests.processing.test_binner" name="test_binner[False-True-f-UniformBinner-10000-100]" time="0.016" /><testcase classname="tests.processing.test_binner" name="test_binner[False-True-u-PrivTreeBinner-None-auto]" time="0.010" /><testcase classname="tests.processing.test_binner" name="test_binner[False-True-u-PrivTreeBinner-None-10]" time="0.005" /><testcase classname="tests.processing.test_binner" name="test_binner[False-True-u-PrivTreeBinner-None-20]" time="0.007" /><testcase classname="tests.processing.test_binner" name="test_binner[False-True-u-PrivTreeBinner-None-100]" time="0.020" /><testcase classname="tests.processing.test_binner" name="test_binner[False-True-u-PrivTreeBinner-10000-auto]" time="0.018" /><testcase classname="tests.processing.test_binner" name="test_binner[False-True-u-PrivTreeBinner-10000-10]" time="0.006" /><testcase classname="tests.processing.test_binner" name="test_binner[False-True-u-PrivTreeBinner-10000-20]" time="0.010" /><testcase classname="tests.processing.test_binner" name="test_binner[False-True-u-PrivTreeBinner-10000-100]" time="0.035" /><testcase classname="tests.processing.test_binner" name="test_binner[False-True-u-UniformBinner-None-auto]" time="0.009" /><testcase classname="tests.processing.test_binner" name="test_binner[False-True-u-UniformBinner-None-10]" time="0.003" /><testcase classname="tests.processing.test_binner" name="test_binner[False-True-u-UniformBinner-None-20]" time="0.006" /><testcase classname="tests.processing.test_binner" name="test_binner[False-True-u-UniformBinner-None-100]" time="0.018" /><testcase classname="tests.processing.test_binner" name="test_binner[False-True-u-UniformBinner-10000-auto]" time="0.009" /><testcase classname="tests.processing.test_binner" name="test_binner[False-True-u-UniformBinner-10000-10]" time="0.004" /><testcase classname="tests.processing.test_binner" name="test_binner[False-True-u-UniformBinner-10000-20]" time="0.005" /><testcase classname="tests.processing.test_binner" name="test_binner[False-True-u-UniformBinner-10000-100]" time="0.018" /><testcase classname="tests.processing.test_binner" name="test_binner[False-True-i-PrivTreeBinner-None-auto]" time="0.010" /><testcase classname="tests.processing.test_binner" name="test_binner[False-True-i-PrivTreeBinner-None-10]" time="0.004" /><testcase classname="tests.processing.test_binner" name="test_binner[False-True-i-PrivTreeBinner-None-20]" time="0.006" /><testcase classname="tests.processing.test_binner" name="test_binner[False-True-i-PrivTreeBinner-None-100]" time="0.021" /><testcase classname="tests.processing.test_binner" name="test_binner[False-True-i-PrivTreeBinner-10000-auto]" time="0.019" /><testcase classname="tests.processing.test_binner" name="test_binner[False-True-i-PrivTreeBinner-10000-10]" time="0.006" /><testcase classname="tests.processing.test_binner" name="test_binner[False-True-i-PrivTreeBinner-10000-20]" time="0.010" /><testcase classname="tests.processing.test_binner" name="test_binner[False-True-i-PrivTreeBinner-10000-100]" time="0.037" /><testcase classname="tests.processing.test_binner" name="test_binner[False-True-i-UniformBinner-None-auto]" time="0.009" /><testcase classname="tests.processing.test_binner" name="test_binner[False-True-i-UniformBinner-None-10]" time="0.004" /><testcase classname="tests.processing.test_binner" name="test_binner[False-True-i-UniformBinner-None-20]" time="0.005" /><testcase classname="tests.processing.test_binner" name="test_binner[False-True-i-UniformBinner-None-100]" time="0.017" /><testcase classname="tests.processing.test_binner" name="test_binner[False-True-i-UniformBinner-10000-auto]" time="0.009" /><testcase classname="tests.processing.test_binner" name="test_binner[False-True-i-UniformBinner-10000-10]" time="0.004" /><testcase classname="tests.processing.test_binner" name="test_binner[False-True-i-UniformBinner-10000-20]" time="0.006" /><testcase classname="tests.processing.test_binner" name="test_binner[False-True-i-UniformBinner-10000-100]" time="0.018" /><testcase classname="tests.processing.test_binner" name="test_binner[False-True-M-PrivTreeBinner-None-auto]" time="0.015" /><testcase classname="tests.processing.test_binner" name="test_binner[False-True-M-PrivTreeBinner-None-10]" time="0.009" /><testcase classname="tests.processing.test_binner" name="test_binner[False-True-M-PrivTreeBinner-None-20]" time="0.011" /><testcase classname="tests.processing.test_binner" name="test_binner[False-True-M-PrivTreeBinner-None-100]" time="0.024" /><testcase classname="tests.processing.test_binner" name="test_binner[False-True-M-PrivTreeBinner-10000-auto]" time="0.022" /><testcase classname="tests.processing.test_binner" name="test_binner[False-True-M-PrivTreeBinner-10000-10]" time="0.010" /><testcase classname="tests.processing.test_binner" name="test_binner[False-True-M-PrivTreeBinner-10000-20]" time="0.014" /><testcase classname="tests.processing.test_binner" name="test_binner[False-True-M-PrivTreeBinner-10000-100]" time="0.040" /><testcase classname="tests.processing.test_binner" name="test_binner[False-True-M-UniformBinner-None-auto]" time="0.012" /><testcase classname="tests.processing.test_binner" name="test_binner[False-True-M-UniformBinner-None-10]" time="0.008" /><testcase classname="tests.processing.test_binner" name="test_binner[False-True-M-UniformBinner-None-20]" time="0.010" /><testcase classname="tests.processing.test_binner" name="test_binner[False-True-M-UniformBinner-None-100]" time="0.022" /><testcase classname="tests.processing.test_binner" name="test_binner[False-True-M-UniformBinner-10000-auto]" time="0.013" /><testcase classname="tests.processing.test_binner" name="test_binner[False-True-M-UniformBinner-10000-10]" time="0.009" /><testcase classname="tests.processing.test_binner" name="test_binner[False-True-M-UniformBinner-10000-20]" time="0.010" /><testcase classname="tests.processing.test_binner" name="test_binner[False-True-M-UniformBinner-10000-100]" time="0.021" /><testcase classname="tests.processing.test_binner" name="test_binner[False-True-m-PrivTreeBinner-None-auto]" time="0.015" /><testcase classname="tests.processing.test_binner" name="test_binner[False-True-m-PrivTreeBinner-None-10]" time="0.010" /><testcase classname="tests.processing.test_binner" name="test_binner[False-True-m-PrivTreeBinner-None-20]" time="0.011" /><testcase classname="tests.processing.test_binner" name="test_binner[False-True-m-PrivTreeBinner-None-100]" time="0.024" /><testcase classname="tests.processing.test_binner" name="test_binner[False-True-m-PrivTreeBinner-10000-auto]" time="0.023" /><testcase classname="tests.processing.test_binner" name="test_binner[False-True-m-PrivTreeBinner-10000-10]" time="0.011" /><testcase classname="tests.processing.test_binner" name="test_binner[False-True-m-PrivTreeBinner-10000-20]" time="0.016" /><testcase classname="tests.processing.test_binner" name="test_binner[False-True-m-PrivTreeBinner-10000-100]" time="0.044" /><testcase classname="tests.processing.test_binner" name="test_binner[False-True-m-UniformBinner-None-auto]" time="0.014" /><testcase classname="tests.processing.test_binner" name="test_binner[False-True-m-UniformBinner-None-10]" time="0.009" /><testcase classname="tests.processing.test_binner" name="test_binner[False-True-m-UniformBinner-None-20]" time="0.010" /><testcase classname="tests.processing.test_binner" name="test_binner[False-True-m-UniformBinner-None-100]" time="0.023" /><testcase classname="tests.processing.test_binner" name="test_binner[False-True-m-UniformBinner-10000-auto]" time="0.014" /><testcase classname="tests.processing.test_binner" name="test_binner[False-True-m-UniformBinner-10000-10]" time="0.010" /><testcase classname="tests.processing.test_binner" name="test_binner[False-True-m-UniformBinner-10000-20]" time="0.012" /><testcase classname="tests.processing.test_binner" name="test_binner[False-True-m-UniformBinner-10000-100]" time="0.022" /><testcase classname="tests.processing.test_binner" name="test_binner[False-False-f-PrivTreeBinner-None-auto]" time="0.018" /><testcase classname="tests.processing.test_binner" name="test_binner[False-False-f-PrivTreeBinner-None-10]" time="0.012" /><testcase classname="tests.processing.test_binner" name="test_binner[False-False-f-PrivTreeBinner-None-20]" time="0.015" /><testcase classname="tests.processing.test_binner" name="test_binner[False-False-f-PrivTreeBinner-None-100]" time="0.025" /><testcase classname="tests.processing.test_binner" name="test_binner[False-False-f-PrivTreeBinner-10000-auto]" time="0.029" /><testcase classname="tests.processing.test_binner" name="test_binner[False-False-f-PrivTreeBinner-10000-10]" time="0.018" /><testcase classname="tests.processing.test_binner" name="test_binner[False-False-f-PrivTreeBinner-10000-20]" time="0.022" /><testcase classname="tests.processing.test_binner" name="test_binner[False-False-f-PrivTreeBinner-10000-100]" time="0.045" /><testcase classname="tests.processing.test_binner" name="test_binner[False-False-f-UniformBinner-None-auto]" time="0.007" /><testcase classname="tests.processing.test_binner" name="test_binner[False-False-f-UniformBinner-None-10]" time="0.003" /><testcase classname="tests.processing.test_binner" name="test_binner[False-False-f-UniformBinner-None-20]" time="0.005" /><testcase classname="tests.processing.test_binner" name="test_binner[False-False-f-UniformBinner-None-100]" time="0.016" /><testcase classname="tests.processing.test_binner" name="test_binner[False-False-f-UniformBinner-10000-auto]" time="0.012" /><testcase classname="tests.processing.test_binner" name="test_binner[False-False-f-UniformBinner-10000-10]" time="0.009" /><testcase classname="tests.processing.test_binner" name="test_binner[False-False-f-UniformBinner-10000-20]" time="0.009" /><testcase classname="tests.processing.test_binner" name="test_binner[False-False-f-UniformBinner-10000-100]" time="0.020" /><testcase classname="tests.processing.test_binner" name="test_binner[False-False-u-PrivTreeBinner-None-auto]" time="0.010" /><testcase classname="tests.processing.test_binner" name="test_binner[False-False-u-PrivTreeBinner-None-10]" time="0.004" /><testcase classname="tests.processing.test_binner" name="test_binner[False-False-u-PrivTreeBinner-None-20]" time="0.007" /><testcase classname="tests.processing.test_binner" name="test_binner[False-False-u-PrivTreeBinner-None-100]" time="0.020" /><testcase classname="tests.processing.test_binner" name="test_binner[False-False-u-PrivTreeBinner-10000-auto]" time="0.022" /><testcase classname="tests.processing.test_binner" name="test_binner[False-False-u-PrivTreeBinner-10000-10]" time="0.010" /><testcase classname="tests.processing.test_binner" name="test_binner[False-False-u-PrivTreeBinner-10000-20]" time="0.015" /><testcase classname="tests.processing.test_binner" name="test_binner[False-False-u-PrivTreeBinner-10000-100]" time="0.039" /><testcase classname="tests.processing.test_binner" name="test_binner[False-False-u-UniformBinner-None-auto]" time="0.008" /><testcase classname="tests.processing.test_binner" name="test_binner[False-False-u-UniformBinner-None-10]" time="0.003" /><testcase classname="tests.processing.test_binner" name="test_binner[False-False-u-UniformBinner-None-20]" time="0.005" /><testcase classname="tests.processing.test_binner" name="test_binner[False-False-u-UniformBinner-None-100]" time="0.018" /><testcase classname="tests.processing.test_binner" name="test_binner[False-False-u-UniformBinner-10000-auto]" time="0.012" /><testcase classname="tests.processing.test_binner" name="test_binner[False-False-u-UniformBinner-10000-10]" time="0.008" /><testcase classname="tests.processing.test_binner" name="test_binner[False-False-u-UniformBinner-10000-20]" time="0.010" /><testcase classname="tests.processing.test_binner" name="test_binner[False-False-u-UniformBinner-10000-100]" time="0.020" /><testcase classname="tests.processing.test_binner" name="test_binner[False-False-i-PrivTreeBinner-None-auto]" time="0.010" /><testcase classname="tests.processing.test_binner" name="test_binner[False-False-i-PrivTreeBinner-None-10]" time="0.004" /><testcase classname="tests.processing.test_binner" name="test_binner[False-False-i-PrivTreeBinner-None-20]" time="0.006" /><testcase classname="tests.processing.test_binner" name="test_binner[False-False-i-PrivTreeBinner-None-100]" time="0.019" /><testcase classname="tests.processing.test_binner" name="test_binner[False-False-i-PrivTreeBinner-10000-auto]" time="0.022" /><testcase classname="tests.processing.test_binner" name="test_binner[False-False-i-PrivTreeBinner-10000-10]" time="0.009" /><testcase classname="tests.processing.test_binner" name="test_binner[False-False-i-PrivTreeBinner-10000-20]" time="0.014" /><testcase classname="tests.processing.test_binner" name="test_binner[False-False-i-PrivTreeBinner-10000-100]" time="0.039" /><testcase classname="tests.processing.test_binner" name="test_binner[False-False-i-UniformBinner-None-auto]" time="0.008" /><testcase classname="tests.processing.test_binner" name="test_binner[False-False-i-UniformBinner-None-10]" time="0.003" /><testcase classname="tests.processing.test_binner" name="test_binner[False-False-i-UniformBinner-None-20]" time="0.005" /><testcase classname="tests.processing.test_binner" name="test_binner[False-False-i-UniformBinner-None-100]" time="0.018" /><testcase classname="tests.processing.test_binner" name="test_binner[False-False-i-UniformBinner-10000-auto]" time="0.012" /><testcase classname="tests.processing.test_binner" name="test_binner[False-False-i-UniformBinner-10000-10]" time="0.008" /><testcase classname="tests.processing.test_binner" name="test_binner[False-False-i-UniformBinner-10000-20]" time="0.010" /><testcase classname="tests.processing.test_binner" name="test_binner[False-False-i-UniformBinner-10000-100]" time="0.021" /><testcase classname="tests.processing.test_binner" name="test_binner[False-False-M-PrivTreeBinner-None-auto]" time="0.014" /><testcase classname="tests.processing.test_binner" name="test_binner[False-False-M-PrivTreeBinner-None-10]" time="0.009" /><testcase classname="tests.processing.test_binner" name="test_binner[False-False-M-PrivTreeBinner-None-20]" time="0.010" /><testcase classname="tests.processing.test_binner" name="test_binner[False-False-M-PrivTreeBinner-None-100]" time="0.023" /><testcase classname="tests.processing.test_binner" name="test_binner[False-False-M-PrivTreeBinner-10000-auto]" time="0.027" /><testcase classname="tests.processing.test_binner" name="test_binner[False-False-M-PrivTreeBinner-10000-10]" time="0.014" /><testcase classname="tests.processing.test_binner" name="test_binner[False-False-M-PrivTreeBinner-10000-20]" time="0.018" /><testcase classname="tests.processing.test_binner" name="test_binner[False-False-M-PrivTreeBinner-10000-100]" time="0.043" /><testcase classname="tests.processing.test_binner" name="test_binner[False-False-M-UniformBinner-None-auto]" time="0.012" /><testcase classname="tests.processing.test_binner" name="test_binner[False-False-M-UniformBinner-None-10]" time="0.008" /><testcase classname="tests.processing.test_binner" name="test_binner[False-False-M-UniformBinner-None-20]" time="0.009" /><testcase classname="tests.processing.test_binner" name="test_binner[False-False-M-UniformBinner-None-100]" time="0.022" /><testcase classname="tests.processing.test_binner" name="test_binner[False-False-M-UniformBinner-10000-auto]" time="0.015" /><testcase classname="tests.processing.test_binner" name="test_binner[False-False-M-UniformBinner-10000-10]" time="0.011" /><testcase classname="tests.processing.test_binner" name="test_binner[False-False-M-UniformBinner-10000-20]" time="0.012" /><testcase classname="tests.processing.test_binner" name="test_binner[False-False-M-UniformBinner-10000-100]" time="0.022" /><testcase classname="tests.processing.test_binner" name="test_binner[False-False-m-PrivTreeBinner-None-auto]" time="0.015" /><testcase classname="tests.processing.test_binner" name="test_binner[False-False-m-PrivTreeBinner-None-10]" time="0.010" /><testcase classname="tests.processing.test_binner" name="test_binner[False-False-m-PrivTreeBinner-None-20]" time="0.012" /><testcase classname="tests.processing.test_binner" name="test_binner[False-False-m-PrivTreeBinner-None-100]" time="0.025" /><testcase classname="tests.processing.test_binner" name="test_binner[False-False-m-PrivTreeBinner-10000-auto]" time="0.022" /><testcase classname="tests.processing.test_binner" name="test_binner[False-False-m-PrivTreeBinner-10000-10]" time="0.013" /><testcase classname="tests.processing.test_binner" name="test_binner[False-False-m-PrivTreeBinner-10000-20]" time="0.016" /><testcase classname="tests.processing.test_binner" name="test_binner[False-False-m-PrivTreeBinner-10000-100]" time="0.036" /><testcase classname="tests.processing.test_binner" name="test_binner[False-False-m-UniformBinner-None-auto]" time="0.013" /><testcase classname="tests.processing.test_binner" name="test_binner[False-False-m-UniformBinner-None-10]" time="0.009" /><testcase classname="tests.processing.test_binner" name="test_binner[False-False-m-UniformBinner-None-20]" time="0.011" /><testcase classname="tests.processing.test_binner" name="test_binner[False-False-m-UniformBinner-None-100]" time="0.022" /><testcase classname="tests.processing.test_binner" name="test_binner[False-False-m-UniformBinner-10000-auto]" time="0.013" /><testcase classname="tests.processing.test_binner" name="test_binner[False-False-m-UniformBinner-10000-10]" time="0.011" /><testcase classname="tests.processing.test_binner" name="test_binner[False-False-m-UniformBinner-10000-20]" time="0.012" /><testcase classname="tests.processing.test_binner" name="test_binner[False-False-m-UniformBinner-10000-100]" time="0.017" /><testcase classname="tests.processing.test_binner" name="test_rng_parameter[42-f-UniformBinner-None-auto]" time="0.013" /><testcase classname="tests.processing.test_binner" name="test_rng_parameter[42-f-UniformBinner-None-10]" time="0.007" /><testcase classname="tests.processing.test_binner" name="test_rng_parameter[42-f-UniformBinner-None-20]" time="0.009" /><testcase classname="tests.processing.test_binner" name="test_rng_parameter[42-f-UniformBinner-None-100]" time="0.024" /><testcase classname="tests.processing.test_binner" name="test_rng_parameter[42-f-PrivTreeBinner-None-auto]" time="0.016" /><testcase classname="tests.processing.test_binner" name="test_rng_parameter[42-f-PrivTreeBinner-None-10]" time="0.009" /><testcase classname="tests.processing.test_binner" name="test_rng_parameter[42-f-PrivTreeBinner-None-20]" time="0.012" /><testcase classname="tests.processing.test_binner" name="test_rng_parameter[42-f-PrivTreeBinner-None-100]" time="0.027" /><testcase classname="tests.processing.test_binner" name="test_rng_parameter[42-u-UniformBinner-None-auto]" time="0.013" /><testcase classname="tests.processing.test_binner" name="test_rng_parameter[42-u-UniformBinner-None-10]" time="0.007" /><testcase classname="tests.processing.test_binner" name="test_rng_parameter[42-u-UniformBinner-None-20]" time="0.010" /><testcase classname="tests.processing.test_binner" name="test_rng_parameter[42-u-UniformBinner-None-100]" time="0.023" /><testcase classname="tests.processing.test_binner" name="test_rng_parameter[42-u-PrivTreeBinner-None-auto]" time="0.016" /><testcase classname="tests.processing.test_binner" name="test_rng_parameter[42-u-PrivTreeBinner-None-10]" time="0.009" /><testcase classname="tests.processing.test_binner" name="test_rng_parameter[42-u-PrivTreeBinner-None-20]" time="0.012" /><testcase classname="tests.processing.test_binner" name="test_rng_parameter[42-u-PrivTreeBinner-None-100]" time="0.028" /><testcase classname="tests.processing.test_binner" name="test_rng_parameter[42-i-UniformBinner-None-auto]" time="0.012" /><testcase classname="tests.processing.test_binner" name="test_rng_parameter[42-i-UniformBinner-None-10]" time="0.007" /><testcase classname="tests.processing.test_binner" name="test_rng_parameter[42-i-UniformBinner-None-20]" time="0.008" /><testcase classname="tests.processing.test_binner" name="test_rng_parameter[42-i-UniformBinner-None-100]" time="0.023" /><testcase classname="tests.processing.test_binner" name="test_rng_parameter[42-i-PrivTreeBinner-None-auto]" time="0.016" /><testcase classname="tests.processing.test_binner" name="test_rng_parameter[42-i-PrivTreeBinner-None-10]" time="0.008" /><testcase classname="tests.processing.test_binner" name="test_rng_parameter[42-i-PrivTreeBinner-None-20]" time="0.011" /><testcase classname="tests.processing.test_binner" name="test_rng_parameter[42-i-PrivTreeBinner-None-100]" time="0.028" /><testcase classname="tests.processing.test_binner" name="test_rng_parameter[42-M-UniformBinner-None-auto]" time="0.025" /><testcase classname="tests.processing.test_binner" name="test_rng_parameter[42-M-UniformBinner-None-10]" time="0.019" /><testcase classname="tests.processing.test_binner" name="test_rng_parameter[42-M-UniformBinner-None-20]" time="0.022" /><testcase classname="tests.processing.test_binner" name="test_rng_parameter[42-M-UniformBinner-None-100]" time="0.034" /><testcase classname="tests.processing.test_binner" name="test_rng_parameter[42-M-PrivTreeBinner-None-auto]" time="0.028" /><testcase classname="tests.processing.test_binner" name="test_rng_parameter[42-M-PrivTreeBinner-None-10]" time="0.020" /><testcase classname="tests.processing.test_binner" name="test_rng_parameter[42-M-PrivTreeBinner-None-20]" time="0.023" /><testcase classname="tests.processing.test_binner" name="test_rng_parameter[42-M-PrivTreeBinner-None-100]" time="0.040" /><testcase classname="tests.processing.test_binner" name="test_rng_parameter[42-m-UniformBinner-None-auto]" time="0.023" /><testcase classname="tests.processing.test_binner" name="test_rng_parameter[42-m-UniformBinner-None-10]" time="0.017" /><testcase classname="tests.processing.test_binner" name="test_rng_parameter[42-m-UniformBinner-None-20]" time="0.020" /><testcase classname="tests.processing.test_binner" name="test_rng_parameter[42-m-UniformBinner-None-100]" time="0.033" /><testcase classname="tests.processing.test_binner" name="test_rng_parameter[42-m-PrivTreeBinner-None-auto]" time="0.027" /><testcase classname="tests.processing.test_binner" name="test_rng_parameter[42-m-PrivTreeBinner-None-10]" time="0.019" /><testcase classname="tests.processing.test_binner" name="test_rng_parameter[42-m-PrivTreeBinner-None-20]" time="0.021" /><testcase classname="tests.processing.test_binner" name="test_rng_parameter[42-m-PrivTreeBinner-None-100]" time="0.038" /><testcase classname="tests.processing.test_binner" name="test_rng_parameter[123-f-UniformBinner-None-auto]" time="0.012" /><testcase classname="tests.processing.test_binner" name="test_rng_parameter[123-f-UniformBinner-None-10]" time="0.006" /><testcase classname="tests.processing.test_binner" name="test_rng_parameter[123-f-UniformBinner-None-20]" time="0.008" /><testcase classname="tests.processing.test_binner" name="test_rng_parameter[123-f-UniformBinner-None-100]" time="0.023" /><testcase classname="tests.processing.test_binner" name="test_rng_parameter[123-f-PrivTreeBinner-None-auto]" time="0.015" /><testcase classname="tests.processing.test_binner" name="test_rng_parameter[123-f-PrivTreeBinner-None-10]" time="0.008" /><testcase classname="tests.processing.test_binner" name="test_rng_parameter[123-f-PrivTreeBinner-None-20]" time="0.010" /><testcase classname="tests.processing.test_binner" name="test_rng_parameter[123-f-PrivTreeBinner-None-100]" time="0.028" /><testcase classname="tests.processing.test_binner" name="test_rng_parameter[123-u-UniformBinner-None-auto]" time="0.012" /><testcase classname="tests.processing.test_binner" name="test_rng_parameter[123-u-UniformBinner-None-10]" time="0.007" /><testcase classname="tests.processing.test_binner" name="test_rng_parameter[123-u-UniformBinner-None-20]" time="0.009" /><testcase classname="tests.processing.test_binner" name="test_rng_parameter[123-u-UniformBinner-None-100]" time="0.025" /><testcase classname="tests.processing.test_binner" name="test_rng_parameter[123-u-PrivTreeBinner-None-auto]" time="0.015" /><testcase classname="tests.processing.test_binner" name="test_rng_parameter[123-u-PrivTreeBinner-None-10]" time="0.008" /><testcase classname="tests.processing.test_binner" name="test_rng_parameter[123-u-PrivTreeBinner-None-20]" time="0.011" /><testcase classname="tests.processing.test_binner" name="test_rng_parameter[123-u-PrivTreeBinner-None-100]" time="0.029" /><testcase classname="tests.processing.test_binner" name="test_rng_parameter[123-i-UniformBinner-None-auto]" time="0.012" /><testcase classname="tests.processing.test_binner" name="test_rng_parameter[123-i-UniformBinner-None-10]" time="0.007" /><testcase classname="tests.processing.test_binner" name="test_rng_parameter[123-i-UniformBinner-None-20]" time="0.010" /><testcase classname="tests.processing.test_binner" name="test_rng_parameter[123-i-UniformBinner-None-100]" time="0.023" /><testcase classname="tests.processing.test_binner" name="test_rng_parameter[123-i-PrivTreeBinner-None-auto]" time="0.015" /><testcase classname="tests.processing.test_binner" name="test_rng_parameter[123-i-PrivTreeBinner-None-10]" time="0.008" /><testcase classname="tests.processing.test_binner" name="test_rng_parameter[123-i-PrivTreeBinner-None-20]" time="0.011" /><testcase classname="tests.processing.test_binner" name="test_rng_parameter[123-i-PrivTreeBinner-None-100]" time="0.028" /><testcase classname="tests.processing.test_binner" name="test_rng_parameter[123-M-UniformBinner-None-auto]" time="0.026" /><testcase classname="tests.processing.test_binner" name="test_rng_parameter[123-M-UniformBinner-None-10]" time="0.019" /><testcase classname="tests.processing.test_binner" name="test_rng_parameter[123-M-UniformBinner-None-20]" time="0.021" /><testcase classname="tests.processing.test_binner" name="test_rng_parameter[123-M-UniformBinner-None-100]" time="0.034" /><testcase classname="tests.processing.test_binner" name="test_rng_parameter[123-M-PrivTreeBinner-None-auto]" time="0.029" /><testcase classname="tests.processing.test_binner" name="test_rng_parameter[123-M-PrivTreeBinner-None-10]" time="0.020" /><testcase classname="tests.processing.test_binner" name="test_rng_parameter[123-M-PrivTreeBinner-None-20]" time="0.024" /><testcase classname="tests.processing.test_binner" name="test_rng_parameter[123-M-PrivTreeBinner-None-100]" time="0.040" /><testcase classname="tests.processing.test_binner" name="test_rng_parameter[123-m-UniformBinner-None-auto]" time="0.023" /><testcase classname="tests.processing.test_binner" name="test_rng_parameter[123-m-UniformBinner-None-10]" time="0.017" /><testcase classname="tests.processing.test_binner" name="test_rng_parameter[123-m-UniformBinner-None-20]" time="0.019" /><testcase classname="tests.processing.test_binner" name="test_rng_parameter[123-m-UniformBinner-None-100]" time="0.033" /><testcase classname="tests.processing.test_binner" name="test_rng_parameter[123-m-PrivTreeBinner-None-auto]" time="0.027" /><testcase classname="tests.processing.test_binner" name="test_rng_parameter[123-m-PrivTreeBinner-None-10]" time="0.018" /><testcase classname="tests.processing.test_binner" name="test_rng_parameter[123-m-PrivTreeBinner-None-20]" time="0.021" /><testcase classname="tests.processing.test_binner" name="test_rng_parameter[123-m-PrivTreeBinner-None-100]" time="0.037" /></testsuite></testsuites>